<?xml version="1.0" encoding="UTF-8"?>
<testng-results skipped="0" failed="0" ignored="0" total="0" passed="0">
  <reporter-output>
  </reporter-output>
  <suite name="com.library_cydeo.tests.TestBase" duration-ms="70" started-at="2021-12-20T22:45:24 EST" finished-at="2021-12-20T22:45:24 EST">
    <groups>
    </groups>
    <test name="Command line test" duration-ms="70" started-at="2021-12-20T22:45:24 EST" finished-at="2021-12-20T22:45:24 EST">
    </test> <!-- Command line test -->
  </suite> <!-- com.library_cydeo.tests.TestBase -->
</testng-results>
